1627020823857	geckodriver	INFO	Listening on 127.0.0.1:49673
1627020826907	mozrunner::runner	INFO	Running command: "C:\\Program Files\\Mozilla Firefox\\firefox.exe" "--marionette" "-foreground" "-no-remote" "-profile" "C:\\Users\\Tom\\AppData\\Local\\Temp\\rust_mozprofile2ArLjR"
1627020827336	Marionette	INFO	Marionette enabled
console.warn: SearchSettings: "get: No settings file exists, new profile?" (new NotFoundError("Could not open the file at C:\\Users\\Tom\\AppData\\Local\\Temp\\rust_mozprofile2ArLjR\\search.json.mozlz4", (void 0)))
1627020829353	Marionette	INFO	Listening on port 50985
1627020829583	Marionette	WARN	TLS certificate errors will be ignored for this session
JavaScript error: resource://gre/actors/AutoCompleteChild.jsm, line 125: Error: Invalid autocomplete selectedIndex
1627020830846	Marionette	INFO	Stopped listening on port 50985

###!!! [Child][RunMessage] Error: Channel closing: too late to send/recv, messages will be lost

1627020895253	geckodriver	INFO	Listening on 127.0.0.1:51356
1627020898309	mozrunner::runner	INFO	Running command: "C:\\Program Files\\Mozilla Firefox\\firefox.exe" "--marionette" "-foreground" "-no-remote" "-profile" "C:\\Users\\Tom\\AppData\\Local\\Temp\\rust_mozprofilea6dyaN"
1627020898560	Marionette	INFO	Marionette enabled
console.warn: SearchSettings: "get: No settings file exists, new profile?" (new NotFoundError("Could not open the file at C:\\Users\\Tom\\AppData\\Local\\Temp\\rust_mozprofilea6dyaN\\search.json.mozlz4", (void 0)))
1627020900127	Marionette	INFO	Listening on port 54695
1627020900369	Marionette	WARN	TLS certificate errors will be ignored for this session
JavaScript error: resource://gre/actors/AutoCompleteChild.jsm, line 125: Error: Invalid autocomplete selectedIndex
1627020901165	Marionette	INFO	Stopped listening on port 54695
1627021333980	geckodriver	INFO	Listening on 127.0.0.1:54317
1627021337085	mozrunner::runner	INFO	Running command: "C:\\Program Files\\Mozilla Firefox\\firefox.exe" "--marionette" "-foreground" "-no-remote" "-profile" "C:\\Users\\Tom\\AppData\\Local\\Temp\\rust_mozprofileMM4ptO"
1627021337363	Marionette	INFO	Marionette enabled
console.warn: SearchSettings: "get: No settings file exists, new profile?" (new NotFoundError("Could not open the file at C:\\Users\\Tom\\AppData\\Local\\Temp\\rust_mozprofileMM4ptO\\search.json.mozlz4", (void 0)))
1627021339088	Marionette	INFO	Listening on port 63706
1627021339127	Marionette	WARN	TLS certificate errors will be ignored for this session

###!!! [Child][RunMessage] Error: Channel closing: too late to send/recv, messages will be lost

1627021398540	Marionette	INFO	Stopped listening on port 63706

###!!! [Child][RunMessage] Error: Channel closing: too late to send/recv, messages will be lost

rofilem4ZJ8Z"
1627021350066	Marionette	INFO	Marionette enabled
console.warn: SearchSettings: "get: No settings file exists, new profile?" (new NotFoundError("Could not open the file at C:\\Users\\Tom\\AppData\\Local\\Temp\\rust_mozprofilem4ZJ8Z\\search.json.mozlz4", (void 0)))
1627021351788	Marionette	INFO	Listening on port 52413
1627021351871	Marionette	WARN	TLS certificate errors will be ignored for this session
1627021399573	Marionette	INFO	Stopped listening on port 52413

###!!! [Child][RunMessage] Error: Channel closing: too late to send/recv, messages will be lost

1627021411516	geckodriver	INFO	Listening on 127.0.0.1:58675
1627021414598	mozrunner::runner	INFO	Running command: "C:\\Program Files\\Mozilla Firefox\\firefox.exe" "--marionette" "-foreground" "-no-remote" "-profile" "C:\\Users\\Tom\\AppData\\Local\\Temp\\rust_mozprofilewtnPlq"
1627021414858	Marionette	INFO	Marionette enabled
console.warn: SearchSettings: "get: No settings file exists, new profile?" (new NotFoundError("Could not open the file at C:\\Users\\Tom\\AppData\\Local\\Temp\\rust_mozprofilewtnPlq\\search.json.mozlz4", (void 0)))
1627021416443	Marionette	INFO	Listening on port 58739
1627021416635	Marionette	WARN	TLS certificate errors will be ignored for this session
JavaScript error: resource://devtools/server/actors/network-monitor/network-event-actor.js, line 108: Error: Got a request https://s.discogs.com/35210443f85fcf068b132affd96bdd4bce5e650c/dst/stylesheets/discogs.css without a browsingContextID set
JavaScript error: resource://devtools/server/actors/network-monitor/network-event-actor.js, line 108: Error: Got a request https://s.discogs.com/35210443f85fcf068b132affd96bdd4bce5e650c/dst/stylesheets/sections/marketplace-menus.css without a browsingContextID set
JavaScript error: resource://devtools/server/actors/network-monitor/network-event-actor.js, line 108: Error: Got a request https://s.discogs.com/35210443f85fcf068b132affd96bdd4bce5e650c/dst/stylesheets/sections/marketplace.css without a browsingContextID set
JavaScript error: resource://devtools/server/actors/network-monitor/network-event-actor.js, line 108: Error: Got a request https://s.discogs.com/35210443f85fcf068b132affd96bdd4bce5e650c/dst/stylesheets/components/image-gallery.css without a browsingContextID set
[Parent 23648, IPC I/O Parent] WARNING: file /builds/worker/checkouts/gecko/ipc/chromium/src/base/process_util_win.cc:167
1627021713690	Marionette	INFO	Stopped listening on port 58739

###!!! [Child][RunMessage] Error: Channel closing: too late to send/recv, messages will be lost

"--marionette" "-foreground" "-no-remote" "-profile" "C:\\Users\\Tom\\AppData\\Local\\Temp\\rust_mozprofile8noKml"
1627021707073	Marionette	INFO	Marionette enabled
console.warn: SearchSettings: "get: No settings file exists, new profile?" (new NotFoundError("Could not open the file at C:\\Users\\Tom\\AppData\\Local\\Temp\\rust_mozprofile8noKml\\search.json.mozlz4", (void 0)))
1627021708907	Marionette	INFO	Listening on port 60131
1627021708955	Marionette	WARN	TLS certificate errors will be ignored for this session
1627021714336	Marionette	INFO	Stopped listening on port 60131

###!!! [Child][RunMessage] Error: Channel closing: too late to send/recv, messages will be lost

1627021719641	geckodriver	INFO	Listening on 127.0.0.1:54156
1627021722704	mozrunner::runner	INFO	Running command: "C:\\Program Files\\Mozilla Firefox\\firefox.exe" "--marionette" "-foreground" "-no-remote" "-profile" "C:\\Users\\Tom\\AppData\\Local\\Temp\\rust_mozprofile8aa7oj"
1627021722955	Marionette	INFO	Marionette enabled
console.warn: SearchSettings: "get: No settings file exists, new profile?" (new NotFoundError("Could not open the file at C:\\Users\\Tom\\AppData\\Local\\Temp\\rust_mozprofile8aa7oj\\search.json.mozlz4", (void 0)))
1627021724688	Marionette	INFO	Listening on port 60250
1627021724749	Marionette	WARN	TLS certificate errors will be ignored for this session
JavaScript error: resource://devtools/server/actors/network-monitor/network-event-actor.js, line 108: Error: Got a request https://s.discogs.com/35210443f85fcf068b132affd96bdd4bce5e650c/dst/stylesheets/discogs.css without a browsingContextID set
JavaScript error: resource://devtools/server/actors/network-monitor/network-event-actor.js, line 108: Error: Got a request https://s.discogs.com/35210443f85fcf068b132affd96bdd4bce5e650c/dst/stylesheets/sections/marketplace-menus.css without a browsingContextID set
JavaScript error: resource://devtools/server/actors/network-monitor/network-event-actor.js, line 108: Error: Got a request https://s.discogs.com/35210443f85fcf068b132affd96bdd4bce5e650c/dst/stylesheets/sections/marketplace.css without a browsingContextID set
JavaScript error: resource://devtools/server/actors/network-monitor/network-event-actor.js, line 108: Error: Got a request https://s.discogs.com/35210443f85fcf068b132affd96bdd4bce5e650c/dst/stylesheets/components/image-gallery.css without a browsingContextID set
1627021816459	Marionette	INFO	Stopped listening on port 60250

###!!! [Child][RunMessage] Error: Channel closing: too late to send/recv, messages will be lost

"--marionette" "-foreground" "-no-remote" "-profile" "C:\\Users\\Tom\\AppData\\Local\\Temp\\rust_mozprofilexBgTr5"
1627021815737	Marionette	INFO	Marionette enabled
console.warn: SearchSettings: "get: No settings file exists, new profile?" (new NotFoundError("Could not open the file at C:\\Users\\Tom\\AppData\\Local\\Temp\\rust_mozprofilexBgTr5\\search.json.mozlz4", (void 0)))
1627021817356	Marionette	INFO	Listening on port 59208
1627021817543	Marionette	WARN	TLS certificate errors will be ignored for this session
1627021836204	Marionette	INFO	Stopped listening on port 59208

###!!! [Child][RunMessage] Error: Channel closing: too late to send/recv, messages will be lost

1627021895998	geckodriver	INFO	Listening on 127.0.0.1:55358
1627021899073	mozrunner::runner	INFO	Running command: "C:\\Program Files\\Mozilla Firefox\\firefox.exe" "--marionette" "-foreground" "-no-remote" "-profile" "C:\\Users\\Tom\\AppData\\Local\\Temp\\rust_mozprofileanlqu8"
1627021899311	Marionette	INFO	Marionette enabled
console.warn: SearchSettings: "get: No settings file exists, new profile?" (new NotFoundError("Could not open the file at C:\\Users\\Tom\\AppData\\Local\\Temp\\rust_mozprofileanlqu8\\search.json.mozlz4", (void 0)))
1627021901051	Marionette	INFO	Listening on port 49801
1627021901111	Marionette	WARN	TLS certificate errors will be ignored for this session
1627021995636	Marionette	INFO	Stopped listening on port 49801

###!!! [Child][RunMessage] Error: Channel closing: too late to send/recv, messages will be lost

"--marionette" "-foreground" "-no-remote" "-profile" "C:\\Users\\Tom\\AppData\\Local\\Temp\\rust_mozprofilea3ZXGp"
1627021915606	Marionette	INFO	Marionette enabled
console.warn: SearchSettings: "get: No settings file exists, new profile?" (new NotFoundError("Could not open the file at C:\\Users\\Tom\\AppData\\Local\\Temp\\rust_mozprofilea3ZXGp\\search.json.mozlz4", (void 0)))
1627021917403	Marionette	INFO	Listening on port 59659
1627021917446	Marionette	WARN	TLS certificate errors will be ignored for this session
1627021922960	Marionette	INFO	Stopped listening on port 59659

###!!! [Child][RunMessage] Error: Channel closing: too late to send/recv, messages will be lost

1627021929382	geckodriver	INFO	Listening on 127.0.0.1:64545
1627021932445	mozrunner::runner	INFO	Running command: "C:\\Program Files\\Mozilla Firefox\\firefox.exe" "--marionette" "-foreground" "-no-remote" "-profile" "C:\\Users\\Tom\\AppData\\Local\\Temp\\rust_mozprofileUJNbtt"
1627021932684	Marionette	INFO	Marionette enabled
console.warn: SearchSettings: "get: No settings file exists, new profile?" (new NotFoundError("Could not open the file at C:\\Users\\Tom\\AppData\\Local\\Temp\\rust_mozprofileUJNbtt\\search.json.mozlz4", (void 0)))
1627021934502	Marionette	INFO	Listening on port 53152
1627021934604	Marionette	WARN	TLS certificate errors will be ignored for this session
1627021968149	Marionette	INFO	Stopped listening on port 53152

###!!! [Child][RunMessage] Error: Channel closing: too late to send/recv, messages will be lost

1627021968809	geckodriver	INFO	Listening on 127.0.0.1:60027
1627021971884	mozrunner::runner	INFO	Running command: "C:\\Program Files\\Mozilla Firefox\\firefox.exe" "--marionette" "-foreground" "-no-remote" "-profile" "C:\\Users\\Tom\\AppData\\Local\\Temp\\rust_mozprofileeRXnye"
1627021972130	Marionette	INFO	Marionette enabled
console.warn: SearchSettings: "get: No settings file exists, new profile?" (new NotFoundError("Could not open the file at C:\\Users\\Tom\\AppData\\Local\\Temp\\rust_mozprofileeRXnye\\search.json.mozlz4", (void 0)))
1627021973799	Marionette	INFO	Listening on port 53645
1627021973922	Marionette	WARN	TLS certificate errors will be ignored for this session
1627022059038	Marionette	INFO	Stopped listening on port 53645

###!!! [Child][RunMessage] Error: Channel closing: too late to send/recv, messages will be lost

"--marionette" "-foreground" "-no-remote" "-profile" "C:\\Users\\Tom\\AppData\\Local\\Temp\\rust_mozprofile0iE29w"
1627021983568	Marionette	INFO	Marionette enabled
console.warn: SearchSettings: "get: No settings file exists, new profile?" (new NotFoundError("Could not open the file at C:\\Users\\Tom\\AppData\\Local\\Temp\\rust_mozprofile0iE29w\\search.json.mozlz4", (void 0)))
1627021985327	Marionette	INFO	Listening on port 49377
1627021985371	Marionette	WARN	TLS certificate errors will be ignored for this session
1627021987394	Marionette	INFO	Stopped listening on port 49377
[Parent 10400, IPC I/O Parent] WARNING: file /builds/worker/checkouts/gecko/ipc/chromium/src/base/process_util_win.cc:167

###!!! [Child][RunMessage] Error: Channel closing: too late to send/recv, messages will be lost

1627022053620	geckodriver	INFO	Listening on 127.0.0.1:62116
1627022056681	mozrunner::runner	INFO	Running command: "C:\\Program Files\\Mozilla Firefox\\firefox.exe" "--marionette" "-foreground" "-no-remote" "-profile" "C:\\Users\\Tom\\AppData\\Local\\Temp\\rust_mozprofilej0CI7S"
1627022056986	Marionette	INFO	Marionette enabled
console.warn: SearchSettings: "get: No settings file exists, new profile?" (new NotFoundError("Could not open the file at C:\\Users\\Tom\\AppData\\Local\\Temp\\rust_mozprofilej0CI7S\\search.json.mozlz4", (void 0)))
1627022058715	Marionette	INFO	Listening on port 52749
1627022058855	Marionette	WARN	TLS certificate errors will be ignored for this session
1627022061038	Marionette	INFO	Stopped listening on port 52749

###!!! [Child][RunMessage] Error: Channel closing: too late to send/recv, messages will be lost

1627022110240	geckodriver	INFO	Listening on 127.0.0.1:57047
1627022113317	mozrunner::runner	INFO	Running command: "C:\\Program Files\\Mozilla Firefox\\firefox.exe" "--marionette" "-foreground" "-no-remote" "-profile" "C:\\Users\\Tom\\AppData\\Local\\Temp\\rust_mozprofileMiSGwO"
1627022113560	Marionette	INFO	Marionette enabled
console.warn: SearchSettings: "get: No settings file exists, new profile?" (new NotFoundError("Could not open the file at C:\\Users\\Tom\\AppData\\Local\\Temp\\rust_mozprofileMiSGwO\\search.json.mozlz4", (void 0)))
1627022115278	Marionette	INFO	Listening on port 61614
1627022115380	Marionette	WARN	TLS certificate errors will be ignored for this session
1627022118110	Marionette	INFO	Stopped listening on port 61614
JavaScript error: resource://gre/modules/AsyncShutdown.jsm, line 718: Error: Phase "Sqlite.jsm: wait until all connections are closed" is finished, it is too late to register completion condition "protections.sqlite#0: waiting for shutdown"

###!!! [Child][RunMessage] Error: Channel closing: too late to send/recv, messages will be lost

1627022216604	geckodriver	INFO	Listening on 127.0.0.1:62566
1627022219641	mozrunner::runner	INFO	Running command: "C:\\Program Files\\Mozilla Firefox\\firefox.exe" "--marionette" "-foreground" "-no-remote" "-profile" "C:\\Users\\Tom\\AppData\\Local\\Temp\\rust_mozprofileTpghNQ"
1627022219881	Marionette	INFO	Marionette enabled
console.warn: SearchSettings: "get: No settings file exists, new profile?" (new NotFoundError("Could not open the file at C:\\Users\\Tom\\AppData\\Local\\Temp\\rust_mozprofileTpghNQ\\search.json.mozlz4", (void 0)))
1627022221440	Marionette	INFO	Listening on port 65402
1627022221703	Marionette	WARN	TLS certificate errors will be ignored for this session
1627022224389	Marionette	INFO	Stopped listening on port 65402

###!!! [Child][RunMessage] Error: Channel closing: too late to send/recv, messages will be lost

1627022389811	geckodriver	INFO	Listening on 127.0.0.1:65456
1627022392874	mozrunner::runner	INFO	Running command: "C:\\Program Files\\Mozilla Firefox\\firefox.exe" "--marionette" "-foreground" "-no-remote" "-profile" "C:\\Users\\Tom\\AppData\\Local\\Temp\\rust_mozprofileODqiO3"
1627022393116	Marionette	INFO	Marionette enabled
console.warn: SearchSettings: "get: No settings file exists, new profile?" (new NotFoundError("Could not open the file at C:\\Users\\Tom\\AppData\\Local\\Temp\\rust_mozprofileODqiO3\\search.json.mozlz4", (void 0)))
1627022394718	Marionette	INFO	Listening on port 53832
1627022394927	Marionette	WARN	TLS certificate errors will be ignored for this session
1627022397887	Marionette	INFO	Stopped listening on port 53832

###!!! [Child][RunMessage] Error: Channel closing: too late to send/recv, messages will be lost

1627022577839	geckodriver	INFO	Listening on 127.0.0.1:60185
1627022580867	mozrunner::runner	INFO	Running command: "C:\\Program Files\\Mozilla Firefox\\firefox.exe" "--marionette" "-foreground" "-no-remote" "-profile" "C:\\Users\\Tom\\AppData\\Local\\Temp\\rust_mozprofileMW8w4g"
1627022581114	Marionette	INFO	Marionette enabled
console.warn: SearchSettings: "get: No settings file exists, new profile?" (new NotFoundError("Could not open the file at C:\\Users\\Tom\\AppData\\Local\\Temp\\rust_mozprofileMW8w4g\\search.json.mozlz4", (void 0)))
1627022582834	Marionette	INFO	Listening on port 64506
1627022582923	Marionette	WARN	TLS certificate errors will be ignored for this session
1627022587555	Marionette	INFO	Stopped listening on port 64506

###!!! [Child][RunMessage] Error: Channel closing: too late to send/recv, messages will be lost

1627022796399	geckodriver	INFO	Listening on 127.0.0.1:50123
1627022799453	mozrunner::runner	INFO	Running command: "C:\\Program Files\\Mozilla Firefox\\firefox.exe" "--marionette" "-foreground" "-no-remote" "-profile" "C:\\Users\\Tom\\AppData\\Local\\Temp\\rust_mozprofileIViJRU"
1627022799691	Marionette	INFO	Marionette enabled
console.warn: SearchSettings: "get: No settings file exists, new profile?" (new NotFoundError("Could not open the file at C:\\Users\\Tom\\AppData\\Local\\Temp\\rust_mozprofileIViJRU\\search.json.mozlz4", (void 0)))
1627022801380	Marionette	INFO	Listening on port 64970
1627022801506	Marionette	WARN	TLS certificate errors will be ignored for this session
1627022804291	Marionette	INFO	Stopped listening on port 64970

###!!! [Child][RunMessage] Error: Channel closing: too late to send/recv, messages will be lost

